# JRE version: OpenJDK Runtime Environment (8.0_242-b01) (build 1.8.0_242-release-1644-b01)
# Java VM: OpenJDK 64-Bit Server VM (25.242-b01 mixed mode windows-amd64 compressed oops)
Heap:
 PSYoungGen      total 406528K, used 44368K [0x00000000d5580000, 0x00000000f0000000, 0x0000000100000000)
  eden space 386560K, 11% used [0x00000000d5580000,0x00000000d80d41d0,0x00000000ecf00000)
  from space 19968K, 0% used [0x00000000eec80000,0x00000000eec80000,0x00000000f0000000)
  to   space 24576K, 0% used [0x00000000ed000000,0x00000000ed000000,0x00000000ee800000)
 ParOldGen       total 164864K, used 35924K [0x0000000080000000, 0x000000008a100000, 0x00000000d5580000)
  object space 164864K, 21% used [0x0000000080000000,0x0000000082315150,0x000000008a100000)
 Metaspace       used 58525K, capacity 61040K, committed 61272K, reserved 1101824K
  class space    used 8025K, capacity 8524K, committed 8576K, reserved 1048576K
GC Heap History (10 events):
Event: 3.300 GC heap before
{Heap before GC invocations=7 (full 1):
 PSYoungGen      total 141824K, used 42331K [0x00000000d5580000, 0x00000000e5980000, 0x0000000100000000)
  eden space 131072K, 24% used [0x00000000d5580000,0x00000000d745a738,0x00000000dd580000)
  from space 10752K, 99% used [0x00000000dd580000,0x00000000ddffc6c0,0x00000000de000000)
  to   space 15360K, 0% used [0x00000000e4a80000,0x00000000e4a80000,0x00000000e5980000)
 ParOldGen       total 84480K, used 9236K [0x0000000080000000, 0x0000000085280000, 0x00000000d5580000)
  object space 84480K, 10% used [0x0000000080000000,0x0000000080905338,0x0000000085280000)
 Metaspace       used 34013K, capacity 35294K, committed 35416K, reserved 1079296K
  class space    used 4595K, capacity 4916K, committed 4992K, reserved 1048576K
Event: 3.317 GC heap after
Heap after GC invocations=7 (full 1):
 PSYoungGen      total 247808K, used 7866K [0x00000000d5580000, 0x00000000e5780000, 0x0000000100000000)
  eden space 234496K, 0% used [0x00000000d5580000,0x00000000d5580000,0x00000000e3a80000)
  from space 13312K, 59% used [0x00000000e4a80000,0x00000000e522e8a0,0x00000000e5780000)
  to   space 14848K, 0% used [0x00000000e3a80000,0x00000000e3a80000,0x00000000e4900000)
 ParOldGen       total 84480K, used 9244K [0x0000000080000000, 0x0000000085280000, 0x00000000d5580000)
  object space 84480K, 10% used [0x0000000080000000,0x0000000080907338,0x0000000085280000)
 Metaspace       used 34013K, capacity 35294K, committed 35416K, reserved 1079296K
  class space    used 4595K, capacity 4916K, committed 4992K, reserved 1048576K
}
Event: 3.317 GC heap before
{Heap before GC invocations=8 (full 2):
 PSYoungGen      total 247808K, used 7866K [0x00000000d5580000, 0x00000000e5780000, 0x0000000100000000)
  eden space 234496K, 0% used [0x00000000d5580000,0x00000000d5580000,0x00000000e3a80000)
  from space 13312K, 59% used [0x00000000e4a80000,0x00000000e522e8a0,0x00000000e5780000)
  to   space 14848K, 0% used [0x00000000e3a80000,0x00000000e3a80000,0x00000000e4900000)
 ParOldGen       total 84480K, used 9244K [0x0000000080000000, 0x0000000085280000, 0x00000000d5580000)
  object space 84480K, 10% used [0x0000000080000000,0x0000000080907338,0x0000000085280000)
 Metaspace       used 34013K, capacity 35294K, committed 35416K, reserved 1079296K
  class space    used 4595K, capacity 4916K, committed 4992K, reserved 1048576K
Event: 3.355 GC heap after
Heap after GC invocations=8 (full 2):
 PSYoungGen      total 247808K, used 0K [0x00000000d5580000, 0x00000000e5780000, 0x0000000100000000)
  eden space 234496K, 0% used [0x00000000d5580000,0x00000000d5580000,0x00000000e3a80000)
  from space 13312K, 0% used [0x00000000e4a80000,0x00000000e4a80000,0x00000000e5780000)
  to   space 14848K, 0% used [0x00000000e3a80000,0x00000000e3a80000,0x00000000e4900000)
 ParOldGen       total 113664K, used 14309K [0x0000000080000000, 0x0000000086f00000, 0x00000000d5580000)
  object space 113664K, 12% used [0x0000000080000000,0x0000000080df95f0,0x0000000086f00000)
 Metaspace       used 34013K, capacity 35294K, committed 35416K, reserved 1079296K
  class space    used 4595K, capacity 4916K, committed 4992K, reserved 1048576K
}
Event: 4.658 GC heap before
{Heap before GC invocations=9 (full 2):
 PSYoungGen      total 247808K, used 234496K [0x00000000d5580000, 0x00000000e5780000, 0x0000000100000000)
  eden space 234496K, 100% used [0x00000000d5580000,0x00000000e3a80000,0x00000000e3a80000)
  from space 13312K, 0% used [0x00000000e4a80000,0x00000000e4a80000,0x00000000e5780000)
  to   space 14848K, 0% used [0x00000000e3a80000,0x00000000e3a80000,0x00000000e4900000)
 ParOldGen       total 113664K, used 14309K [0x0000000080000000, 0x0000000086f00000, 0x00000000d5580000)
  object space 113664K, 12% used [0x0000000080000000,0x0000000080df95f0,0x0000000086f00000)
 Metaspace       used 47403K, capacity 49476K, committed 49880K, reserved 1091584K
  class space    used 6405K, capacity 6842K, committed 6912K, reserved 1048576K
Event: 4.671 GC heap after
Heap after GC invocations=9 (full 2):
 PSYoungGen      total 249344K, used 14839K [0x00000000d5580000, 0x00000000f0000000, 0x0000000100000000)
  eden space 234496K, 0% used [0x00000000d5580000,0x00000000d5580000,0x00000000e3a80000)
  from space 14848K, 99% used [0x00000000e3a80000,0x00000000e48fde28,0x00000000e4900000)
  to   space 19968K, 0% used [0x00000000eec80000,0x00000000eec80000,0x00000000f0000000)
 ParOldGen       total 113664K, used 19766K [0x0000000080000000, 0x0000000086f00000, 0x00000000d5580000)
  object space 113664K, 17% used [0x0000000080000000,0x000000008134d8c0,0x0000000086f00000)
 Metaspace       used 47403K, capacity 49476K, committed 49880K, reserved 1091584K
  class space    used 6405K, capacity 6842K, committed 6912K, reserved 1048576K
}
Event: 5.475 GC heap before
{Heap before GC invocations=10 (full 2):
 PSYoungGen      total 249344K, used 122946K [0x00000000d5580000, 0x00000000f0000000, 0x0000000100000000)
  eden space 234496K, 46% used [0x00000000d5580000,0x00000000dbf12af8,0x00000000e3a80000)
  from space 14848K, 99% used [0x00000000e3a80000,0x00000000e48fde28,0x00000000e4900000)
  to   space 19968K, 0% used [0x00000000eec80000,0x00000000eec80000,0x00000000f0000000)
 ParOldGen       total 113664K, used 19766K [0x0000000080000000, 0x0000000086f00000, 0x00000000d5580000)
  object space 113664K, 17% used [0x0000000080000000,0x000000008134d8c0,0x0000000086f00000)
 Metaspace       used 56451K, capacity 58942K, committed 59028K, reserved 1099776K
  class space    used 7682K, capacity 8169K, committed 8192K, reserved 1048576K
Event: 5.485 GC heap after
Heap after GC invocations=10 (full 2):
 PSYoungGen      total 406528K, used 19939K [0x00000000d5580000, 0x00000000f0000000, 0x0000000100000000)
  eden space 386560K, 0% used [0x00000000d5580000,0x00000000d5580000,0x00000000ecf00000)
  from space 19968K, 99% used [0x00000000eec80000,0x00000000efff8da8,0x00000000f0000000)
  to   space 24576K, 0% used [0x00000000ed000000,0x00000000ed000000,0x00000000ee800000)
 ParOldGen       total 113664K, used 23427K [0x0000000080000000, 0x0000000086f00000, 0x00000000d5580000)
  object space 113664K, 20% used [0x0000000080000000,0x00000000816e0ca0,0x0000000086f00000)
 Metaspace       used 56451K, capacity 58942K, committed 59028K, reserved 1099776K
  class space    used 7682K, capacity 8169K, committed 8192K, reserved 1048576K
}
Event: 5.485 GC heap before
{Heap before GC invocations=11 (full 3):
 PSYoungGen      total 406528K, used 19939K [0x00000000d5580000, 0x00000000f0000000, 0x0000000100000000)
  eden space 386560K, 0% used [0x00000000d5580000,0x00000000d5580000,0x00000000ecf00000)
  from space 19968K, 99% used [0x00000000eec80000,0x00000000efff8da8,0x00000000f0000000)
  to   space 24576K, 0% used [0x00000000ed000000,0x00000000ed000000,0x00000000ee800000)
 ParOldGen       total 113664K, used 23427K [0x0000000080000000, 0x0000000086f00000, 0x00000000d5580000)
  object space 113664K, 20% used [0x0000000080000000,0x00000000816e0ca0,0x0000000086f00000)
 Metaspace       used 56451K, capacity 58942K, committed 59028K, reserved 1099776K
  class space    used 7682K, capacity 8169K, committed 8192K, reserved 1048576K
Event: 5.608 GC heap after
Heap after GC invocations=11 (full 3):
 PSYoungGen      total 406528K, used 0K [0x00000000d5580000, 0x00000000f0000000, 0x0000000100000000)
  eden space 386560K, 0% used [0x00000000d5580000,0x00000000d5580000,0x00000000ecf00000)
  from space 19968K, 0% used [0x00000000eec80000,0x00000000eec80000,0x00000000f0000000)
  to   space 24576K, 0% used [0x00000000ed000000,0x00000000ed000000,0x00000000ee800000)
 ParOldGen       total 164864K, used 35924K [0x0000000080000000, 0x000000008a100000, 0x00000000d5580000)
  object space 164864K, 21% used [0x0000000080000000,0x0000000082315150,0x000000008a100000)
 Metaspace       used 56421K, capacity 58840K, committed 59028K, reserved 1099776K
  class space    used 7673K, capacity 8152K, committed 8192K, reserved 1048576K
}

